# JRE version: Java(TM) SE Runtime Environment (8.0_112-b15) (build 1.8.0_112-b15)
# Java VM: Java HotSpot(TM) 64-Bit Server VM (25.112-b15 mixed mode windows-amd64 compressed oops)
Heap:
 PSYoungGen      total 139264K, used 24844K [0x000000076b580000, 0x0000000774880000, 0x00000007c0000000)
  eden space 128512K, 11% used [0x000000076b580000,0x000000076c3e8a00,0x0000000773300000)
  from space 10752K, 93% used [0x0000000773d80000,0x000000077475a998,0x0000000774800000)
  to   space 10752K, 0% used [0x0000000773300000,0x0000000773300000,0x0000000773d80000)
 ParOldGen       total 73216K, used 6598K [0x00000006c2000000, 0x00000006c6780000, 0x000000076b580000)
  object space 73216K, 9% used [0x00000006c2000000,0x00000006c2671888,0x00000006c6780000)
 Metaspace       used 34855K, capacity 35106K, committed 35456K, reserved 1081344K
  class space    used 4281K, capacity 4361K, committed 4480K, reserved 1048576K
GC Heap History (10 events):
Event: 62.146 GC heap before
{Heap before GC invocations=1 (full 0):
 PSYoungGen      total 75776K, used 65024K [0x000000076b580000, 0x0000000770a00000, 0x00000007c0000000)
  eden space 65024K, 100% used [0x000000076b580000,0x000000076f500000,0x000000076f500000)
  from space 10752K, 0% used [0x000000076ff80000,0x000000076ff80000,0x0000000770a00000)
  to   space 10752K, 0% used [0x000000076f500000,0x000000076f500000,0x000000076ff80000)
 ParOldGen       total 173568K, used 0K [0x00000006c2000000, 0x00000006cc980000, 0x000000076b580000)
  object space 173568K, 0% used [0x00000006c2000000,0x00000006c2000000,0x00000006cc980000)
 Metaspace       used 14895K, capacity 15038K, committed 15488K, reserved 1062912K
  class space    used 1766K, capacity 1837K, committed 1920K, reserved 1048576K
Event: 62.154 GC heap after
Heap after GC invocations=1 (full 0):
 PSYoungGen      total 75776K, used 7368K [0x000000076b580000, 0x0000000770a00000, 0x00000007c0000000)
  eden space 65024K, 0% used [0x000000076b580000,0x000000076b580000,0x000000076f500000)
  from space 10752K, 68% used [0x000000076f500000,0x000000076fc32380,0x000000076ff80000)
  to   space 10752K, 0% used [0x000000076ff80000,0x000000076ff80000,0x0000000770a00000)
 ParOldGen       total 173568K, used 80K [0x00000006c2000000, 0x00000006cc980000, 0x000000076b580000)
  object space 173568K, 0% used [0x00000006c2000000,0x00000006c2014010,0x00000006cc980000)
 Metaspace       used 14895K, capacity 15038K, committed 15488K, reserved 1062912K
  class space    used 1766K, capacity 1837K, committed 1920K, reserved 1048576K
}
Event: 62.533 GC heap before
{Heap before GC invocations=2 (full 0):
 PSYoungGen      total 75776K, used 41454K [0x000000076b580000, 0x0000000770a00000, 0x00000007c0000000)
  eden space 65024K, 52% used [0x000000076b580000,0x000000076d6c9600,0x000000076f500000)
  from space 10752K, 68% used [0x000000076f500000,0x000000076fc32380,0x000000076ff80000)
  to   space 10752K, 0% used [0x000000076ff80000,0x000000076ff80000,0x0000000770a00000)
 ParOldGen       total 173568K, used 80K [0x00000006c2000000, 0x00000006cc980000, 0x000000076b580000)
  object space 173568K, 0% used [0x00000006c2000000,0x00000006c2014010,0x00000006cc980000)
 Metaspace       used 20853K, capacity 21016K, committed 21296K, reserved 1069056K
  class space    used 2532K, capacity 2610K, committed 2688K, reserved 1048576K
Event: 62.557 GC heap after
Heap after GC invocations=2 (full 0):
 PSYoungGen      total 75776K, used 6730K [0x000000076b580000, 0x0000000774980000, 0x00000007c0000000)
  eden space 65024K, 0% used [0x000000076b580000,0x000000076b580000,0x000000076f500000)
  from space 10752K, 62% used [0x000000076ff80000,0x0000000770612ae0,0x0000000770a00000)
  to   space 10752K, 0% used [0x000000076f500000,0x000000076f500000,0x000000076ff80000)
 ParOldGen       total 173568K, used 80K [0x00000006c2000000, 0x00000006cc980000, 0x000000076b580000)
  object space 173568K, 0% used [0x00000006c2000000,0x00000006c2014010,0x00000006cc980000)
 Metaspace       used 20853K, capacity 21016K, committed 21296K, reserved 1069056K
  class space    used 2532K, capacity 2610K, committed 2688K, reserved 1048576K
}
Event: 62.557 GC heap before
{Heap before GC invocations=3 (full 1):
 PSYoungGen      total 75776K, used 6730K [0x000000076b580000, 0x0000000774980000, 0x00000007c0000000)
  eden space 65024K, 0% used [0x000000076b580000,0x000000076b580000,0x000000076f500000)
  from space 10752K, 62% used [0x000000076ff80000,0x0000000770612ae0,0x0000000770a00000)
  to   space 10752K, 0% used [0x000000076f500000,0x000000076f500000,0x000000076ff80000)
 ParOldGen       total 173568K, used 80K [0x00000006c2000000, 0x00000006cc980000, 0x000000076b580000)
  object space 173568K, 0% used [0x00000006c2000000,0x00000006c2014010,0x00000006cc980000)
 Metaspace       used 20853K, capacity 21016K, committed 21296K, reserved 1069056K
  class space    used 2532K, capacity 2610K, committed 2688K, reserved 1048576K
Event: 62.592 GC heap after
Heap after GC invocations=3 (full 1):
 PSYoungGen      total 75776K, used 0K [0x000000076b580000, 0x0000000774980000, 0x00000007c0000000)
  eden space 65024K, 0% used [0x000000076b580000,0x000000076b580000,0x000000076f500000)
  from space 10752K, 0% used [0x000000076ff80000,0x000000076ff80000,0x0000000770a00000)
  to   space 10752K, 0% used [0x000000076f500000,0x000000076f500000,0x000000076ff80000)
 ParOldGen       total 73216K, used 6582K [0x00000006c2000000, 0x00000006c6780000, 0x000000076b580000)
  object space 73216K, 8% used [0x00000006c2000000,0x00000006c266d888,0x00000006c6780000)
 Metaspace       used 20853K, capacity 21016K, committed 21296K, reserved 1069056K
  class space    used 2532K, capacity 2610K, committed 2688K, reserved 1048576K
}
Event: 63.401 GC heap before
{Heap before GC invocations=4 (full 1):
 PSYoungGen      total 75776K, used 65024K [0x000000076b580000, 0x0000000774980000, 0x00000007c0000000)
  eden space 65024K, 100% used [0x000000076b580000,0x000000076f500000,0x000000076f500000)
  from space 10752K, 0% used [0x000000076ff80000,0x000000076ff80000,0x0000000770a00000)
  to   space 10752K, 0% used [0x000000076f500000,0x000000076f500000,0x000000076ff80000)
 ParOldGen       total 73216K, used 6582K [0x00000006c2000000, 0x00000006c6780000, 0x000000076b580000)
  object space 73216K, 8% used [0x00000006c2000000,0x00000006c266d888,0x00000006c6780000)
 Metaspace       used 29386K, capacity 29586K, committed 29824K, reserved 1075200K
  class space    used 3590K, capacity 3681K, committed 3712K, reserved 1048576K
Event: 63.407 GC heap after
Heap after GC invocations=4 (full 1):
 PSYoungGen      total 75776K, used 9831K [0x000000076b580000, 0x0000000774800000, 0x00000007c0000000)
  eden space 65024K, 0% used [0x000000076b580000,0x000000076b580000,0x000000076f500000)
  from space 10752K, 91% used [0x000000076f500000,0x000000076fe99fc0,0x000000076ff80000)
  to   space 10752K, 0% used [0x0000000773d80000,0x0000000773d80000,0x0000000774800000)
 ParOldGen       total 73216K, used 6590K [0x00000006c2000000, 0x00000006c6780000, 0x000000076b580000)
  object space 73216K, 9% used [0x00000006c2000000,0x00000006c266f888,0x00000006c6780000)
 Metaspace       used 29386K, capacity 29586K, committed 29824K, reserved 1075200K
  class space    used 3590K, capacity 3681K, committed 3712K, reserved 1048576K
}
Event: 63.811 GC heap before
{Heap before GC invocations=5 (full 1):
 PSYoungGen      total 75776K, used 74855K [0x000000076b580000, 0x0000000774800000, 0x00000007c0000000)
  eden space 65024K, 100% used [0x000000076b580000,0x000000076f500000,0x000000076f500000)
  from space 10752K, 91% used [0x000000076f500000,0x000000076fe99fc0,0x000000076ff80000)
  to   space 10752K, 0% used [0x0000000773d80000,0x0000000773d80000,0x0000000774800000)
 ParOldGen       total 73216K, used 6590K [0x00000006c2000000, 0x00000006c6780000, 0x000000076b580000)
  object space 73216K, 9% used [0x00000006c2000000,0x00000006c266f888,0x00000006c6780000)
 Metaspace       used 33055K, capacity 33284K, committed 33664K, reserved 1079296K
  class space    used 4031K, capacity 4100K, committed 4224K, reserved 1048576K
Event: 63.830 GC heap after
Heap after GC invocations=5 (full 1):
 PSYoungGen      total 139264K, used 10090K [0x000000076b580000, 0x0000000774880000, 0x00000007c0000000)
  eden space 128512K, 0% used [0x000000076b580000,0x000000076b580000,0x0000000773300000)
  from space 10752K, 93% used [0x0000000773d80000,0x000000077475a998,0x0000000774800000)
  to   space 10752K, 0% used [0x0000000773300000,0x0000000773300000,0x0000000773d80000)
 ParOldGen       total 73216K, used 6598K [0x00000006c2000000, 0x00000006c6780000, 0x000000076b580000)
  object space 73216K, 9% used [0x00000006c2000000,0x00000006c2671888,0x00000006c6780000)
 Metaspace       used 33055K, capacity 33284K, committed 33664K, reserved 1079296K
  class space    used 4031K, capacity 4100K, committed 4224K, reserved 1048576K
}

